Arguments: 
  C:\Program Files\nodejs\node.exe C:\Program Files (x86)\Yarn\bin\yarn.js

PATH: 
  C:\WorkZone\Installed\OracleXE112\app\oracle\product\11.2.0\server\bin;C:\Windows\system32;C:\Windows;C:\Windows\System32\Wbem;C:\Windows\System32\WindowsPowerShell\v1.0\;C:\Program Files\AdoptOpenJDK\jre-8.0.202.08\bin;C:\Program Files\AdoptOpenJDK\jdk-8.0.202.08\bin;C:\WorkZone\Installed\Microsoft VS Code\bin;C:\WorkZone\Installed\Git\cmd;C:\Program Files (x86)\Yarn\bin\;C:\Program Files\nodejs\;C:\Users\avinash.panditi\AppData\Local\Yarn\bin;C:\Users\avinash.panditi\AppData\Roaming\npm

Yarn version: 
  1.22.19

Node version: 
  18.15.0

Platform: 
  win32 x64

Trace: 
  Error: https://registry.yarnpkg.com/ajv: tunneling socket could not be established, statusCode=407
      at ClientRequest.onConnect (C:\Program Files (x86)\Yarn\lib\cli.js:152365:19)
      at Object.onceWrapper (node:events:628:26)
      at ClientRequest.emit (node:events:513:28)
      at Socket.socketOnData (node:_http_client:582:11)
      at Socket.emit (node:events:513:28)
      at addChunk (node:internal/streams/readable:324:12)
      at readableAddChunk (node:internal/streams/readable:297:9)
      at Readable.push (node:internal/streams/readable:234:10)
      at TCP.onStreamRead (node:internal/stream_base_commons:190:23)

npm manifest: 
  {
    "name": "learning-api-automation",
    "version": "1.0.0",
    "description": "",
    "main": "index.js",
    "scripts": {
      "test": "jest --config ./jest-supertest.js",
      "test-email-reporter": "jest --config ./jest-supertest-email-reporter.js",
      "test-stare-html-report": "jest --config ./jest-supertest-stare-htmlReport.js",
      "test-html-reporter": "jest --verbose=false --config ./jest-supertest-html-reporter.js",
      "prettier:fix": "prettier --write .",
      "lint:eslint:fix": "yarn eslint \"**/**.ts\"",
      "lint:fix": "yarn prettier:fix && yarn lint:eslint:fix"
    },
    "author": "",
    "license": "ISC",
    "dependencies": {
      "ajv": "8.12.0",
      "eslint": "8.33.0",
      "eslint-config-prettier": "8.6.0",
      "eslint-import-resolver-webpack": "0.13.2",
      "eslint-plugin-import": "2.27.5",
      "eslint-plugin-prettier": "4.2.1",
      "faker": "6.6.6",
      "husky": "8.0.3",
      "jest": "29.4.1",
      "jest-junit": "15.0.0",
      "jest-stare": "2.5.0",
      "jest-html-reporter": "3.7.0",
      "jest-runner-groups": "2.2.0",
      "jest-sonar": "0.2.15",
      "npm-check-updates": "16.6.3",
      "prettier": "2.8.3",
      "source-map-support": "0.5.21",
      "supertest": "6.3.3",
      "ts-code-generator": "0.0.3",
      "ts-jest": "29.0.5",
      "ts-loader": "9.4.1",
      "ts-node": "10.9.1",
      "tsconfig-paths": "4.1.2",
      "typescript": "4.9.5",
      "yarn": "^1.22.19"
    },
    "devDependencies": {
      "@babel/preset-typescript": "^7.18.6",
      "@types/jest": "29.4.0",
      "@types/node": "18.13.0",
      "@types/supertest": "^2.0.12",
      "@types/oracledb": "5.2.4",
      "eslint": "8.33.0",
      "eslint-config-prettier": "8.6.0",
      "eslint-import-resolver-webpack": "0.13.2",
      "eslint-plugin-import": "2.27.5",
      "eslint-plugin-prettier": "4.2.1",
      "eslint-plugin-react": "^7.32.2",
      "oracledb": "5.5.0",
      "faker": "6.6.6",
      "husky": "8.0.3",
      "jest": "29.4.1",
      "jest-junit": "15.0.0",
      "jest-runner-groups": "2.2.0",
      "jest-sonar": "0.2.15",
      "npm-check-updates": "16.6.3",
      "prettier": "2.8.3",
      "source-map-support": "0.5.21",
      "supertest": "6.3.3",
      "ts-code-generator": "0.0.3",
      "ts-jest": "29.0.5",
      "ts-loader": "9.4.1",
      "ts-node": "10.9.1",
      "tsconfig-paths": "4.1.2",
      "typescript": "4.9.5"
    }
  }

yarn manifest: 
  No manifest

Lockfile: 
  No lockfile
